(1587947651.961857) vcan0 00000285#0898089800000000
(1587947651.981539) vcan0 00000285#0898089800000000
(1587947651.992252) vcan0 00000285#0898089800000000
(1587947652.002142) vcan0 00000285#0898089800000000
(1587947652.012119) vcan0 00000285#07D007D000000000
(1587947652.023569) vcan0 00000285#0708070800000000
(1587947652.033097) vcan0 00000285#0640064000000000
(1587947652.043269) vcan0 00000285#04B004B000000000
(1587947652.052951) vcan0 00000285#0320032000000000
(1587947652.062842) vcan0 00000285#0258025800000000
(1587947652.073842) vcan0 00000285#0190019000000000
(1587947652.083259) vcan0 00000285#00C800C800000000
(1587947652.093321) vcan0 00000285#00C800C800000000
(1587947652.104326) vcan0 00000285#00C800C800000000
(1587947652.114405) vcan0 00000285#00C800C800000000
(1587947652.124859) vcan0 00000285#0000000000000000
(1587947652.134839) vcan0 00000285#0000000000000000
(1587947652.297088) vcan0 00000285#0000000000000000
(1587947652.307735) vcan0 00000285#0190019000000000
(1587947652.318332) vcan0 00000285#04B004B000000000
(1587947652.327694) vcan0 00000285#0640064000000000
(1587947652.337927) vcan0 00000285#0898089800000000
(1587947652.348096) vcan0 00000285#0A280A2800000000
(1587947652.358062) vcan0 00000285#0C800C8000000000
(1587947652.368686) vcan0 00000285#0E100E1000000000
(1587947652.378572) vcan0 00000285#1068106800000000
(1587947652.388914) vcan0 00000285#11F811F800000000
(1587947652.398693) vcan0 00000285#1388138800000000
(1587947652.408628) vcan0 00000285#1450145000000000
(1587947652.418882) vcan0 00000285#15E015E000000000
(1587947652.429019) vcan0 00000285#16A816A800000000
(1587947652.439546) vcan0 00000285#1770177000000000
(1587947652.449262) vcan0 00000285#1770177000000000
(1587947652.459462) vcan0 00000285#1838183800000000
(1587947652.469553) vcan0 00000285#1838183800000000
(1587947652.479735) vcan0 00000285#1838183800000000
(1587947652.490280) vcan0 00000285#1900190000000000
(1587947652.500985) vcan0 00000285#19C819C800000000
(1587947652.510845) vcan0 00000285#1A901A9000000000
(1587947652.521080) vcan0 00000285#1C201C2000000000
(1587947652.530740) vcan0 00000285#1CE81CE800000000
(1587947652.540862) vcan0 00000285#1DB01DB000000000
(1587947652.551451) vcan0 00000285#1E781E7800000000
(1587947652.560875) vcan0 00000285#2008200800000000
(1587947652.571528) vcan0 00000285#2008200800000000
(1587947652.581276) vcan0 00000285#20D020D000000000
(1587947652.591327) vcan0 00000285#2198219800000000
(1587947652.602515) vcan0 00000285#2328232800000000
(1587947652.612493) vcan0 00000285#23F023F000000000
(1587947652.622878) vcan0 00000285#2580258000000000
(1587947652.632771) vcan0 00000285#27D827D800000000
(1587947652.642418) vcan0 00000285#28A028A000000000
(1587947652.652733) vcan0 00000285#2A302A3000000000
(1587947652.662577) vcan0 00000285#2BC02BC000000000
(1587947652.673233) vcan0 00000285#2C882C8800000000
(1587947652.682962) vcan0 00000285#2D502D5000000000
(1587947652.693029) vcan0 00000285#2EE02EE000000000
(1587947652.704405) vcan0 00000285#3070307000000000
(1587947652.714148) vcan0 00000285#3138313800000000
(1587947652.724318) vcan0 00000285#32C832C800000000
(1587947652.734059) vcan0 00000285#3390339000000000
(1587947652.743970) vcan0 00000285#3458345800000000
(1587947652.754112) vcan0 00000285#3520352000000000
(1587947652.764963) vcan0 00000285#35E835E800000000
(1587947652.777356) vcan0 00000285#36B036B000000000
(1587947652.785405) vcan0 00000285#36B036B000000000
(1587947652.795155) vcan0 00000285#3778377800000000
(1587947652.805784) vcan0 00000285#3840384000000000
(1587947652.815085) vcan0 00000285#3908390800000000
(1587947652.825226) vcan0 00000285#3908390800000000
(1587947652.836165) vcan0 00000285#39D039D000000000
(1587947652.846339) vcan0 00000285#3A983A9800000000
(1587947652.856797) vcan0 00000285#3A983A9800000000
(1587947652.866591) vcan0 00000285#3B603B6000000000
(1587947652.876774) vcan0 00000285#3B603B6000000000
(1587947652.886578) vcan0 00000285#3B603B6000000000
(1587947652.896664) vcan0 00000285#3C283C2800000000
(1587947652.907115) vcan0 00000285#3C283C2800000000
(1587947652.917208) vcan0 00000285#3C283C2800000000
(1587947652.927056) vcan0 00000285#3CF03CF000000000
(1587947652.937198) vcan0 00000285#3CF03CF000000000
(1587947652.947417) vcan0 00000285#3CF03CF000000000
(1587947652.957541) vcan0 00000285#3DB83DB800000000
(1587947652.968148) vcan0 00000285#3DB83DB800000000
(1587947652.977794) vcan0 00000285#3DB83DB800000000
(1587947652.988326) vcan0 00000285#3DB83DB800000000
(1587947652.998267) vcan0 00000285#3DB83DB800000000
(1587947653.008498) vcan0 00000285#3E803E8000000000
(1587947653.272489) vcan0 00000285#41A041A000000000
(1587947653.282736) vcan0 00000285#44C044C000000000
(1587947653.292776) vcan0 00000285#4718471800000000
(1587947653.304098) vcan0 00000285#48A848A800000000
(1587947653.313681) vcan0 00000285#4A384A3800000000
(1587947653.323963) vcan0 00000285#4B004B0000000000
(1587947653.333656) vcan0 00000285#4BC84BC800000000
(1587947653.343883) vcan0 00000285#4C904C9000000000
(1587947653.354829) vcan0 00000285#4E204E2000000000
(1587947653.365036) vcan0 00000285#4E204E2000000000
(1587947653.374148) vcan0 00000285#4E204E2000000000
(1587947653.384783) vcan0 00000285#4E204E2000000000
(1587947653.394365) vcan0 00000285#4E204E2000000000
(1587947653.404774) vcan0 00000285#4E204E2000000000
(1587947653.415204) vcan0 00000285#4E204E2000000000
(1587947653.424934) vcan0 00000285#4E204E2000000000
(1587947653.435538) vcan0 00000285#4E204E2000000000
(1587947653.445237) vcan0 00000285#4E204E2000000000
(1587947653.456267) vcan0 00000285#4E204E2000000000
(1587947653.466524) vcan0 00000285#4E204E2000000000
(1587947653.476514) vcan0 00000285#4E204E2000000000
(1587947653.487162) vcan0 00000285#4E204E2000000000
(1587947653.496682) vcan0 00000285#4E204E2000000000
(1587947653.506849) vcan0 00000285#4E204E2000000000
(1587947653.516965) vcan0 00000285#4E204E2000000000
(1587947653.526803) vcan0 00000285#4E204E2000000000
(1587947653.618406) vcan0 00000285#4E204E2000000000
(1587947653.628275) vcan0 00000285#4E204E2000000000
(1587947653.638662) vcan0 00000285#4E204E2000000000
(1587947653.649173) vcan0 00000285#4E204E2000000000
(1587947653.659337) vcan0 00000285#4E204E2000000000
(1587947653.670127) vcan0 00000285#4E204E2000000000
(1587947653.679541) vcan0 00000285#4E204E2000000000
(1587947653.689836) vcan0 00000285#4C904C9000000000
(1587947653.699927) vcan0 00000285#4A384A3800000000
(1587947653.709841) vcan0 00000285#47E047E000000000
(1587947653.720660) vcan0 00000285#4650465000000000
(1587947653.730294) vcan0 00000285#44C044C000000000
(1587947653.740396) vcan0 00000285#4268426800000000
(1587947653.750531) vcan0 00000285#40D840D800000000
(1587947653.760544) vcan0 00000285#3F483F4800000000
(1587947653.771237) vcan0 00000285#3CF03CF000000000
(1587947653.781109) vcan0 00000285#3A983A9800000000
(1587947653.791133) vcan0 00000285#3840384000000000
(1587947653.801239) vcan0 00000285#35E835E800000000
(1587947653.811344) vcan0 00000285#3390339000000000
(1587947653.821586) vcan0 00000285#3070307000000000
(1587947653.831921) vcan0 00000285#2D502D5000000000
(1587947653.841750) vcan0 00000285#2AF82AF800000000
(1587947653.852618) vcan0 00000285#28A028A000000000
(1587947653.863092) vcan0 00000285#2580258000000000
(1587947653.873155) vcan0 00000285#2198219800000000
(1587947653.883192) vcan0 00000285#1F401F4000000000
(1587947653.892889) vcan0 00000285#1CE81CE800000000
(1587947653.903627) vcan0 00000285#1A901A9000000000
(1587947653.913034) vcan0 00000285#1838183800000000
(1587947653.923331) vcan0 00000285#16A816A800000000
(1587947653.933581) vcan0 00000285#1450145000000000
(1587947653.943526) vcan0 00000285#1388138800000000
(1587947653.954385) vcan0 00000285#12C012C000000000
(1587947653.964943) vcan0 00000285#11F811F800000000
(1587947653.974753) vcan0 00000285#11F811F800000000
(1587947653.985091) vcan0 00000285#11F811F800000000
(1587947653.995040) vcan0 00000285#11F811F800000000
(1587947654.005107) vcan0 00000285#1130113000000000
(1587947654.025121) vcan0 00000285#1130113000000000
(1587947654.036302) vcan0 00000285#1130113000000000
(1587947654.065623) vcan0 00000285#1130113000000000
(1587947654.075834) vcan0 00000285#1130113000000000
(1587947654.086586) vcan0 00000285#1130113000000000
(1587947654.096985) vcan0 00000285#1068106800000000
(1587947654.107049) vcan0 00000285#0FA00FA000000000
(1587947654.117124) vcan0 00000285#0ED80ED800000000
(1587947654.127221) vcan0 00000285#0D480D4800000000
(1587947654.137256) vcan0 00000285#0C800C8000000000
(1587947654.147179) vcan0 00000285#0AF00AF000000000
(1587947654.157199) vcan0 00000285#0898089800000000
(1587947654.167322) vcan0 00000285#07D007D000000000
(1587947654.177633) vcan0 00000285#0640064000000000
(1587947654.187888) vcan0 00000285#04B004B000000000
(1587947654.198897) vcan0 00000285#03E803E800000000
(1587947654.208810) vcan0 00000285#0320032000000000
(1587947654.219077) vcan0 00000285#0190019000000000
(1587947654.228533) vcan0 00000285#00C800C800000000
(1587947654.238756) vcan0 00000285#0000000000000000
(1587947654.248822) vcan0 00000285#0000000000000000
(1587947654.258756) vcan0 00000285#0000000000000000
(1587947654.270114) vcan0 00000285#0000000000000000
(1587947654.279808) vcan0 00000285#0000000000000000
(1587947654.290013) vcan0 00000285#0000000000000000
(1587947654.299867) vcan0 00000285#0000000000000000
(1587947654.309801) vcan0 00000285#0000000000000000
(1587947654.320287) vcan0 00000285#0000000000000000
(1587947654.330188) vcan0 00000285#0000000000000000
(1587947654.340266) vcan0 00000285#0000000000000000
(1587947654.421533) vcan0 00000285#0000000000000000
(1587947654.431983) vcan0 00000285#0000000000000000
(1587947654.441865) vcan0 00000285#00C800C800000000
(1587947654.453569) vcan0 00000285#0578057800000000
(1587947654.463218) vcan0 00000285#0960096000000000
(1587947654.473475) vcan0 00000285#0E100E1000000000
(1587947654.483142) vcan0 00000285#1388138800000000
(1587947654.492926) vcan0 00000285#16A816A800000000
(1587947654.504069) vcan0 00000285#19C819C800000000
(1587947654.513655) vcan0 00000285#1F401F4000000000
(1587947654.523454) vcan0 00000285#2260226000000000
(1587947654.534234) vcan0 00000285#24B824B800000000
(1587947654.544181) vcan0 00000285#2710271000000000
(1587947654.554525) vcan0 00000285#2AF82AF800000000
(1587947654.564626) vcan0 00000285#2D502D5000000000
(1587947654.574293) vcan0 00000285#2FA82FA800000000
(1587947654.584467) vcan0 00000285#3200320000000000
(1587947654.594656) vcan0 00000285#3390339000000000
(1587947654.604776) vcan0 00000285#3520352000000000
(1587947654.615235) vcan0 00000285#36B036B000000000
(1587947654.625054) vcan0 00000285#3908390800000000
(1587947654.635939) vcan0 00000285#3B603B6000000000
(1587947654.645470) vcan0 00000285#3DB83DB800000000
(1587947654.655639) vcan0 00000285#4010401000000000
(1587947654.665877) vcan0 00000285#41A041A000000000
(1587947654.676125) vcan0 00000285#43F843F800000000
(1587947654.686581) vcan0 00000285#4588458800000000
(1587947654.697317) vcan0 00000285#47E047E000000000
(1587947654.707227) vcan0 00000285#4A384A3800000000
(1587947654.717475) vcan0 00000285#4BC84BC800000000
(1587947654.727552) vcan0 00000285#4E204E2000000000
(1587947654.738195) vcan0 00000285#4E204E2000000000
(1587947654.748344) vcan0 00000285#4E204E2000000000
(1587947654.758048) vcan0 00000285#4E204E2000000000
(1587947654.768324) vcan0 00000285#4E204E2000000000
(1587947654.778009) vcan0 00000285#4E204E2000000000
(1587947654.788275) vcan0 00000285#4E204E2000000000
(1587947654.798880) vcan0 00000285#4E204E2000000000
(1587947654.808824) vcan0 00000285#4E204E2000000000
(1587947654.819096) vcan0 00000285#4E204E2000000000
(1587947654.829110) vcan0 00000285#4E204E2000000000
(1587947654.839396) vcan0 00000285#4E204E2000000000
(1587947654.849463) vcan0 00000285#4E204E2000000000
(1587947654.859690) vcan0 00000285#4E204E2000000000
(1587947654.870077) vcan0 00000285#4E204E2000000000
(1587947654.879567) vcan0 00000285#4E204E2000000000
(1587947654.889655) vcan0 00000285#4E204E2000000000
(1587947654.899744) vcan0 00000285#4E204E2000000000
(1587947654.909921) vcan0 00000285#4E204E2000000000
(1587947654.981529) vcan0 00000285#4E204E2000000000
(1587947654.991678) vcan0 00000285#4E204E2000000000
(1587947655.002754) vcan0 00000285#4E204E2000000000
(1587947655.011941) vcan0 00000285#4E204E2000000000
(1587947655.022209) vcan0 00000285#4B004B0000000000
(1587947655.032164) vcan0 00000285#47E047E000000000
(1587947655.042222) vcan0 00000285#4588458800000000
(1587947655.052802) vcan0 00000285#4330433000000000
(1587947655.062465) vcan0 00000285#40D840D800000000
(1587947655.072666) vcan0 00000285#3DB83DB800000000
(1587947655.083097) vcan0 00000285#3A983A9800000000
(1587947655.092917) vcan0 00000285#3778377800000000
(1587947655.103669) vcan0 00000285#3390339000000000
(1587947655.113591) vcan0 00000285#2FA82FA800000000
(1587947655.123370) vcan0 00000285#2C882C8800000000
(1587947655.133584) vcan0 00000285#2A302A3000000000
(1587947655.143669) vcan0 00000285#27D827D800000000
(1587947655.154337) vcan0 00000285#24B824B800000000
(1587947655.164253) vcan0 00000285#2260226000000000
(1587947655.174165) vcan0 00000285#2008200800000000
(1587947655.185016) vcan0 00000285#1E781E7800000000
(1587947655.195181) vcan0 00000285#1C201C2000000000
(1587947655.204704) vcan0 00000285#1A901A9000000000
(1587947655.215444) vcan0 00000285#1770177000000000
(1587947655.225456) vcan0 00000285#1518151800000000
(1587947655.235519) vcan0 00000285#1388138800000000
(1587947655.245401) vcan0 00000285#11F811F800000000
(1587947655.255511) vcan0 00000285#1068106800000000
(1587947655.265847) vcan0 00000285#0ED80ED800000000
(1587947655.275876) vcan0 00000285#0C800C8000000000
(1587947655.286644) vcan0 00000285#0AF00AF000000000
(1587947655.297134) vcan0 00000285#0898089800000000
(1587947655.306938) vcan0 00000285#0708070800000000
(1587947655.317171) vcan0 00000285#0578057800000000
(1587947655.326837) vcan0 00000285#03E803E800000000
(1587947655.337089) vcan0 00000285#0320032000000000
(1587947655.347237) vcan0 00000285#0190019000000000
(1587947655.357087) vcan0 00000285#00C800C800000000
(1587947655.367759) vcan0 00000285#0000000000000000
(1587947655.377992) vcan0 00000285#0000000000000000
(1587947655.388390) vcan0 00000285#0000000000000000
(1587947655.398504) vcan0 00000285#0000000000000000
(1587947655.408439) vcan0 00000285#0000000000000000
(1587947655.418605) vcan0 00000285#0000000000000000
(1587947655.428585) vcan0 00000285#0000000000000000
(1587947655.438322) vcan0 00000285#0000000000000000
(1587947655.448522) vcan0 00000285#0000000000000000
(1587947655.458635) vcan0 00000285#0000000000000000
(1587947655.469376) vcan0 00000285#0000000000000000
(1587947655.479036) vcan0 00000285#0000000000000000
(1587947655.489237) vcan0 00000285#0000000000000000
(1587947655.500140) vcan0 00000285#0000000000000000
(1587947655.510123) vcan0 00000285#0000000000000000
(1587947655.581321) vcan0 00000285#0000000000000000
(1587947655.591498) vcan0 00000285#0000000000000000
(1587947655.601733) vcan0 00000285#0190019000000000
(1587947655.611808) vcan0 00000285#0640064000000000
(1587947655.622110) vcan0 00000285#0A280A2800000000
(1587947655.632254) vcan0 00000285#0ED80ED800000000
(1587947655.642400) vcan0 00000285#1388138800000000
(1587947655.652953) vcan0 00000285#16A816A800000000
(1587947655.662727) vcan0 00000285#1A901A9000000000
(1587947655.673206) vcan0 00000285#1E781E7800000000
(1587947655.682482) vcan0 00000285#2198219800000000
(1587947655.692563) vcan0 00000285#24B824B800000000
(1587947655.703849) vcan0 00000285#2710271000000000
(1587947655.713076) vcan0 00000285#2A302A3000000000
(1587947655.723143) vcan0 00000285#2D502D5000000000
(1587947655.733082) vcan0 00000285#3070307000000000
(1587947655.743281) vcan0 00000285#32C832C800000000
(1587947655.753462) vcan0 00000285#3520352000000000
(1587947655.764330) vcan0 00000285#3840384000000000
(1587947655.773783) vcan0 00000285#3B603B6000000000
(1587947655.784301) vcan0 00000285#3DB83DB800000000
(1587947655.794263) vcan0 00000285#4010401000000000
(1587947655.804283) vcan0 00000285#4330433000000000
(1587947655.814646) vcan0 00000285#4718471800000000
(1587947655.824489) vcan0 00000285#4A384A3800000000
(1587947655.836410) vcan0 00000285#4D584D5800000000
(1587947655.845655) vcan0 00000285#4E204E2000000000
(1587947655.855925) vcan0 00000285#4E204E2000000000
(1587947655.866159) vcan0 00000285#4E204E2000000000
(1587947655.876199) vcan0 00000285#4E204E2000000000
(1587947655.886982) vcan0 00000285#4E204E2000000000
(1587947655.896912) vcan0 00000285#4E204E2000000000
(1587947655.906378) vcan0 00000285#4E204E2000000000
(1587947655.916847) vcan0 00000285#4E204E2000000000
(1587947655.926898) vcan0 00000285#4E204E2000000000
(1587947655.938045) vcan0 00000285#4E204E2000000000
(1587947655.947777) vcan0 00000285#4E204E2000000000
(1587947655.957566) vcan0 00000285#4E204E2000000000
(1587947655.967262) vcan0 00000285#4E204E2000000000
(1587947655.977249) vcan0 00000285#4E204E2000000000
(1587947655.987286) vcan0 00000285#4E204E2000000000
(1587947655.997857) vcan0 00000285#4E204E2000000000
(1587947656.007628) vcan0 00000285#4E204E2000000000
(1587947656.019918) vcan0 00000285#4E204E2000000000
(1587947656.089802) vcan0 00000285#4E204E2000000000
(1587947656.099765) vcan0 00000285#4E204E2000000000
(1587947656.109976) vcan0 00000285#4E204E2000000000
(1587947656.120402) vcan0 00000285#4E204E2000000000
(1587947656.130307) vcan0 00000285#4A384A3800000000
(1587947656.140027) vcan0 00000285#4588458800000000
(1587947656.150403) vcan0 00000285#41A041A000000000
(1587947656.160233) vcan0 00000285#3C283C2800000000
(1587947656.171054) vcan0 00000285#3778377800000000
(1587947656.181007) vcan0 00000285#32C832C800000000
(1587947656.191063) vcan0 00000285#2E182E1800000000
(1587947656.200711) vcan0 00000285#2A302A3000000000
(1587947656.211679) vcan0 00000285#2710271000000000
(1587947656.222012) vcan0 00000285#2260226000000000
(1587947656.232095) vcan0 00000285#1F401F4000000000
(1587947656.242208) vcan0 00000285#1CE81CE800000000
(1587947656.252402) vcan0 00000285#1A901A9000000000
(1587947656.262024) vcan0 00000285#1770177000000000
(1587947656.272174) vcan0 00000285#1518151800000000
(1587947656.282376) vcan0 00000285#12C012C000000000
(1587947656.292424) vcan0 00000285#1068106800000000
(1587947656.303154) vcan0 00000285#0ED80ED800000000
(1587947656.313755) vcan0 00000285#0C800C8000000000
(1587947656.323458) vcan0 00000285#0A280A2800000000
(1587947656.333791) vcan0 00000285#0708070800000000
(1587947656.343839) vcan0 00000285#04B004B000000000
(1587947656.353816) vcan0 00000285#0320032000000000
(1587947656.363963) vcan0 00000285#0190019000000000
(1587947656.373626) vcan0 00000285#00C800C800000000
(1587947656.384471) vcan0 00000285#0000000000000000
(1587947656.394685) vcan0 00000285#0000000000000000
(1587947656.404867) vcan0 00000285#0000000000000000
(1587947656.414858) vcan0 00000285#0000000000000000
(1587947656.424415) vcan0 00000285#0000000000000000
(1587947656.434998) vcan0 00000285#0000000000000000
(1587947656.506344) vcan0 00000285#0000000000000000
(1587947656.516540) vcan0 00000285#0000000000000000
(1587947656.526733) vcan0 00000285#0000000000000000
(1587947656.536999) vcan0 00000285#0000000000000000
(1587947656.547421) vcan0 00000285#0000000000000000
(1587947656.557172) vcan0 00000285#0000000000000000
(1587947656.567382) vcan0 00000285#0000000000000000
(1587947656.577655) vcan0 00000285#0000000000000000
(1587947656.587765) vcan0 00000285#0000000000000000
(1587947656.597542) vcan0 00000285#0000000000000000
(1587947656.607435) vcan0 00000285#0000000000000000
(1587947656.618359) vcan0 00000285#0000000000000000
(1587947656.627782) vcan0 00000285#0000000000000000
(1587947656.637960) vcan0 00000285#0000000000000000
(1587947656.648152) vcan0 00000285#0000000000000000
(1587947656.658232) vcan0 00000285#0000000000000000
(1587947656.669007) vcan0 00000285#0000000000000000
(1587947656.678741) vcan0 00000285#0000000000000000
(1587947656.688753) vcan0 00000285#0000000000000000
(1587947656.699465) vcan0 00000285#0000000000000000
(1587947656.709190) vcan0 00000285#0000000000000000
(1587947657.522482) vcan0 00000421#100000
